<?xml version="1.0" encoding="UTF-8"?>
<testsuite xmlns:xsi="http://www.w3.org/2001/XMLSchema-instance" xsi:noNamespaceSchemaLocation="https://maven.apache.org/surefire/maven-surefire-plugin/xsd/surefire-test-report-3.0.xsd" version="3.0" name="com.pedrohk.Dungeon_Game_Java.DungeonGameSolverTest" time="0.078" tests="8" errors="0" skipped="0" failures="0">
  <properties>
[...]
</properties>
  <testcase name="testComplexDungeon" classname="com.pedrohk.Dungeon_Game_Java.DungeonGameSolverTest" time="0.035"/>
  <testcase name="testSingleCellPositive" classname="com.pedrohk.Dungeon_Game_Java.DungeonGameSolverTest" time="0.002"/>
  <testcase name="testSingleCellNegative" classname="com.pedrohk.Dungeon_Game_Java.DungeonGameSolverTest" time="0.002"/>
  <testcase name="testZeroValue" classname="com.pedrohk.Dungeon_Game_Java.DungeonGameSolverTest" time="0.001"/>
  <testcase name="testLargeNegativeValues" classname="com.pedrohk.Dungeon_Game_Java.DungeonGameSolverTest" time="0.001"/>
  <testcase name="testAllNegativeValues" classname="com.pedrohk.Dungeon_Game_Java.DungeonGameSolverTest" time="0.001"/>
  <testcase name="testExampleCase" classname="com.pedrohk.Dungeon_Game_Java.DungeonGameSolverTest" time="0.001"/>
  <testcase name="testAllPositiveValues" classname="com.pedrohk.Dungeon_Game_Java.DungeonGameSolverTest" time="0.001"/>
</testsuite>